{"/home/mttt/repos/LinkedList/LinkedList.js": {"path":"/home/mttt/repos/LinkedList/LinkedList.js","statementMap":{"0":{"start":{"line":3,"column":8},"end":{"line":3,"column":26}},"1":{"start":{"line":4,"column":8},"end":{"line":4,"column":24}},"2":{"start":{"line":10,"column":8},"end":{"line":10,"column":24}},"3":{"start":{"line":11,"column":8},"end":{"line":11,"column":23}},"4":{"start":{"line":15,"column":24},"end":{"line":15,"column":48}},"5":{"start":{"line":16,"column":8},"end":{"line":16,"column":27}},"6":{"start":{"line":17,"column":8},"end":{"line":17,"column":21}},"7":{"start":{"line":21,"column":8},"end":{"line":28,"column":9}},"8":{"start":{"line":21,"column":42},"end":{"line":21,"column":53}},"9":{"start":{"line":23,"column":26},"end":{"line":23,"column":35}},"10":{"start":{"line":24,"column":12},"end":{"line":26,"column":13}},"11":{"start":{"line":24,"column":24},"end":{"line":24,"column":25}},"12":{"start":{"line":25,"column":16},"end":{"line":25,"column":38}},"13":{"start":{"line":27,"column":12},"end":{"line":27,"column":26}},"14":{"start":{"line":32,"column":8},"end":{"line":32,"column":47}},"15":{"start":{"line":32,"column":41},"end":{"line":32,"column":47}},"16":{"start":{"line":33,"column":8},"end":{"line":44,"column":9}},"17":{"start":{"line":34,"column":28},"end":{"line":34,"column":53}},"18":{"start":{"line":35,"column":12},"end":{"line":35,"column":31}},"19":{"start":{"line":36,"column":12},"end":{"line":36,"column":25}},"20":{"start":{"line":38,"column":26},"end":{"line":38,"column":35}},"21":{"start":{"line":39,"column":12},"end":{"line":41,"column":13}},"22":{"start":{"line":39,"column":24},"end":{"line":39,"column":25}},"23":{"start":{"line":40,"column":16},"end":{"line":40,"column":38}},"24":{"start":{"line":42,"column":12},"end":{"line":42,"column":53}},"25":{"start":{"line":43,"column":12},"end":{"line":43,"column":25}},"26":{"start":{"line":50,"column":24},"end":{"line":50,"column":38}},"27":{"start":{"line":51,"column":8},"end":{"line":51,"column":27}},"28":{"start":{"line":52,"column":8},"end":{"line":52,"column":25}},"29":{"start":{"line":53,"column":8},"end":{"line":53,"column":21}},"30":{"start":{"line":57,"column":8},"end":{"line":68,"column":9}},"31":{"start":{"line":57,"column":22},"end":{"line":57,"column":39}},"32":{"start":{"line":58,"column":13},"end":{"line":68,"column":9}},"33":{"start":{"line":58,"column":47},"end":{"line":58,"column":53}},"34":{"start":{"line":60,"column":26},"end":{"line":60,"column":35}},"35":{"start":{"line":61,"column":12},"end":{"line":63,"column":13}},"36":{"start":{"line":61,"column":24},"end":{"line":61,"column":25}},"37":{"start":{"line":62,"column":16},"end":{"line":62,"column":38}},"38":{"start":{"line":64,"column":27},"end":{"line":64,"column":39}},"39":{"start":{"line":65,"column":12},"end":{"line":65,"column":35}},"40":{"start":{"line":66,"column":12},"end":{"line":66,"column":27}},"41":{"start":{"line":67,"column":12},"end":{"line":67,"column":25}},"42":{"start":{"line":80,"column":0},"end":{"line":86,"column":1}},"43":{"start":{"line":81,"column":15},"end":{"line":81,"column":31}},"44":{"start":{"line":82,"column":4},"end":{"line":84,"column":5}},"45":{"start":{"line":82,"column":15},"end":{"line":82,"column":32}},"46":{"start":{"line":83,"column":8},"end":{"line":83,"column":34}},"47":{"start":{"line":85,"column":4},"end":{"line":85,"column":13}},"48":{"start":{"line":90,"column":0},"end":{"line":90,"column":27}}},"fnMap":{"0":{"name":"(anonymous_0)","decl":{"start":{"line":2,"column":4},"end":{"line":2,"column":5}},"loc":{"start":{"line":2,"column":27},"end":{"line":5,"column":5}},"line":2},"1":{"name":"(anonymous_1)","decl":{"start":{"line":9,"column":4},"end":{"line":9,"column":5}},"loc":{"start":{"line":9,"column":17},"end":{"line":12,"column":5}},"line":9},"2":{"name":"(anonymous_2)","decl":{"start":{"line":14,"column":4},"end":{"line":14,"column":5}},"loc":{"start":{"line":14,"column":22},"end":{"line":18,"column":5}},"line":14},"3":{"name":"(anonymous_3)","decl":{"start":{"line":20,"column":4},"end":{"line":20,"column":5}},"loc":{"start":{"line":20,"column":21},"end":{"line":29,"column":5}},"line":20},"4":{"name":"(anonymous_4)","decl":{"start":{"line":31,"column":4},"end":{"line":31,"column":5}},"loc":{"start":{"line":31,"column":30},"end":{"line":46,"column":5}},"line":31},"5":{"name":"(anonymous_5)","decl":{"start":{"line":48,"column":4},"end":{"line":48,"column":5}},"loc":{"start":{"line":48,"column":16},"end":{"line":54,"column":5}},"line":48},"6":{"name":"(anonymous_6)","decl":{"start":{"line":56,"column":4},"end":{"line":56,"column":5}},"loc":{"start":{"line":56,"column":24},"end":{"line":70,"column":5}},"line":56},"7":{"name":"(anonymous_7)","decl":{"start":{"line":80,"column":24},"end":{"line":80,"column":25}},"loc":{"start":{"line":80,"column":43},"end":{"line":86,"column":1}},"line":80}},"branchMap":{"0":{"loc":{"start":{"line":21,"column":8},"end":{"line":28,"column":9}},"type":"if","locations":[{"start":{"line":21,"column":8},"end":{"line":28,"column":9}},{"start":{"line":22,"column":12},"end":{"line":28,"column":9}}],"line":21},"1":{"loc":{"start":{"line":21,"column":11},"end":{"line":21,"column":40}},"type":"binary-expr","locations":[{"start":{"line":21,"column":11},"end":{"line":21,"column":18}},{"start":{"line":21,"column":22},"end":{"line":21,"column":40}}],"line":21},"2":{"loc":{"start":{"line":32,"column":8},"end":{"line":32,"column":47}},"type":"if","locations":[{"start":{"line":32,"column":8},"end":{"line":32,"column":47}},{"start":{},"end":{}}],"line":32},"3":{"loc":{"start":{"line":32,"column":11},"end":{"line":32,"column":39}},"type":"binary-expr","locations":[{"start":{"line":32,"column":11},"end":{"line":32,"column":18}},{"start":{"line":32,"column":22},"end":{"line":32,"column":39}}],"line":32},"4":{"loc":{"start":{"line":33,"column":8},"end":{"line":44,"column":9}},"type":"if","locations":[{"start":{"line":33,"column":8},"end":{"line":44,"column":9}},{"start":{"line":37,"column":14},"end":{"line":44,"column":9}}],"line":33},"5":{"loc":{"start":{"line":57,"column":8},"end":{"line":68,"column":9}},"type":"if","locations":[{"start":{"line":57,"column":8},"end":{"line":68,"column":9}},{"start":{"line":58,"column":13},"end":{"line":68,"column":9}}],"line":57},"6":{"loc":{"start":{"line":58,"column":13},"end":{"line":68,"column":9}},"type":"if","locations":[{"start":{"line":58,"column":13},"end":{"line":68,"column":9}},{"start":{"line":59,"column":12},"end":{"line":68,"column":9}}],"line":58},"7":{"loc":{"start":{"line":58,"column":16},"end":{"line":58,"column":45}},"type":"binary-expr","locations":[{"start":{"line":58,"column":16},"end":{"line":58,"column":23}},{"start":{"line":58,"column":27},"end":{"line":58,"column":45}}],"line":58}},"s":{"0":38,"1":38,"2":14,"3":14,"4":36,"5":36,"6":36,"7":6,"8":2,"9":4,"10":4,"11":4,"12":5,"13":4,"14":4,"15":2,"16":2,"17":1,"18":1,"19":1,"20":1,"21":1,"22":1,"23":1,"24":1,"25":1,"26":2,"27":2,"28":2,"29":2,"30":4,"31":1,"32":3,"33":2,"34":1,"35":1,"36":1,"37":1,"38":1,"39":1,"40":1,"41":1,"42":1,"43":13,"44":13,"45":13,"46":34,"47":13,"48":1},"f":{"0":38,"1":14,"2":36,"3":6,"4":4,"5":2,"6":4,"7":13},"b":{"0":[2,4],"1":[6,5],"2":[2,2],"3":[4,3],"4":[1,1],"5":[1,3],"6":[2,1],"7":[3,1]},"_coverageSchema":"1a1c01bbd47fc00a2c39e90264f33305004495a9","hash":"54859057ce20cf668963bd756ed893469fce8500"}
}
