TN:
SF:LinkedList.js
FN:2,(anonymous_0)
FN:9,(anonymous_1)
FN:14,(anonymous_2)
FN:20,(anonymous_3)
FN:31,(anonymous_4)
FN:48,(anonymous_5)
FN:56,(anonymous_6)
FN:80,(anonymous_7)
FNF:8
FNH:8
FNDA:38,(anonymous_0)
FNDA:14,(anonymous_1)
FNDA:36,(anonymous_2)
FNDA:6,(anonymous_3)
FNDA:4,(anonymous_4)
FNDA:2,(anonymous_5)
FNDA:4,(anonymous_6)
FNDA:13,(anonymous_7)
DA:3,38
DA:4,38
DA:10,14
DA:11,14
DA:15,36
DA:16,36
DA:17,36
DA:21,6
DA:23,4
DA:24,4
DA:25,5
DA:27,4
DA:32,4
DA:33,2
DA:34,1
DA:35,1
DA:36,1
DA:38,1
DA:39,1
DA:40,1
DA:42,1
DA:43,1
DA:50,2
DA:51,2
DA:52,2
DA:53,2
DA:57,4
DA:58,3
DA:60,1
DA:61,1
DA:62,1
DA:64,1
DA:65,1
DA:66,1
DA:67,1
DA:80,1
DA:81,13
DA:82,13
DA:83,34
DA:85,13
DA:90,1
LF:41
LH:41
BRDA:21,0,0,2
BRDA:21,0,1,4
BRDA:21,1,0,6
BRDA:21,1,1,5
BRDA:32,2,0,2
BRDA:32,2,1,2
BRDA:32,3,0,4
BRDA:32,3,1,3
BRDA:33,4,0,1
BRDA:33,4,1,1
BRDA:57,5,0,1
BRDA:57,5,1,3
BRDA:58,6,0,2
BRDA:58,6,1,1
BRDA:58,7,0,3
BRDA:58,7,1,1
BRF:16
BRH:16
end_of_record
